0 info it worked if it ends with ok
1 verbose cli [ '/Users/mizuki/.anyenv/envs/ndenv/versions/v4.2.1/bin/node',
1 verbose cli   '/Users/mizuki/.anyenv/envs/ndenv/versions/v4.2.1/bin/npm',
1 verbose cli   'run',
1 verbose cli   'coverage' ]
2 info using npm@2.14.7
3 info using node@v4.2.1
4 verbose run-script [ 'precoverage', 'coverage', 'postcoverage' ]
5 info precoverage syntagmejs@0.0.0
6 info coverage syntagmejs@0.0.0
7 verbose unsafe-perm in lifecycle true
8 info syntagmejs@0.0.0 Failed to exec coverage script
9 verbose stack Error: syntagmejs@0.0.0 coverage: `gulp coverage && cat ./coverage/lcov.info | codeclimate-test-reporter && rm -rf ./coverage`
9 verbose stack Exit status 1
9 verbose stack     at EventEmitter.<anonymous> (/Users/mizuki/.anyenv/envs/ndenv/versions/v4.2.1/lib/node_modules/npm/lib/utils/lifecycle.js:214:16)
9 verbose stack     at emitTwo (events.js:87:13)
9 verbose stack     at EventEmitter.emit (events.js:172:7)
9 verbose stack     at ChildProcess.<anonymous> (/Users/mizuki/.anyenv/envs/ndenv/versions/v4.2.1/lib/node_modules/npm/lib/utils/spawn.js:24:14)
9 verbose stack     at emitTwo (events.js:87:13)
9 verbose stack     at ChildProcess.emit (events.js:172:7)
9 verbose stack     at maybeClose (internal/child_process.js:818:16)
9 verbose stack     at Process.ChildProcess._handle.onexit (internal/child_process.js:211:5)
10 verbose pkgid syntagmejs@0.0.0
11 verbose cwd /Users/mizuki/project/syntagmejs
12 error Darwin 14.5.0
13 error argv "/Users/mizuki/.anyenv/envs/ndenv/versions/v4.2.1/bin/node" "/Users/mizuki/.anyenv/envs/ndenv/versions/v4.2.1/bin/npm" "run" "coverage"
14 error node v4.2.1
15 error npm  v2.14.7
16 error code ELIFECYCLE
17 error syntagmejs@0.0.0 coverage: `gulp coverage && cat ./coverage/lcov.info | codeclimate-test-reporter && rm -rf ./coverage`
17 error Exit status 1
18 error Failed at the syntagmejs@0.0.0 coverage script 'gulp coverage && cat ./coverage/lcov.info | codeclimate-test-reporter && rm -rf ./coverage'.
18 error This is most likely a problem with the syntagmejs package,
18 error not with npm itself.
18 error Tell the author that this fails on your system:
18 error     gulp coverage && cat ./coverage/lcov.info | codeclimate-test-reporter && rm -rf ./coverage
18 error You can get their info via:
18 error     npm owner ls syntagmejs
18 error There is likely additional logging output above.
19 verbose exit [ 1, true ]
